<?xml version="1.0" encoding="UTF-8"?>
<testng-results skipped="0" failed="0" total="1" passed="1">
  <reporter-output>
  </reporter-output>
  <suite name="Default suite" duration-ms="97581" started-at="2019-06-12T12:07:47Z" finished-at="2019-06-12T12:09:24Z">
    <groups>
    </groups>
    <test name="Default test" duration-ms="97581" started-at="2019-06-12T12:07:47Z" finished-at="2019-06-12T12:09:24Z">
      <class name="actilogintest.ActiLoginTest">
        <test-method status="PASS" signature="launchBrowser()[pri:0, instance:actilogintest.ActiLoginTest@78c730]" name="launchBrowser" is-config="true" duration-ms="3825" started-at="2019-06-12T17:37:47Z" finished-at="2019-06-12T17:37:50Z">
          <reporter-output>
          </reporter-output>
        </test-method> <!-- launchBrowser -->
        <test-method status="PASS" signature="LoginToActiTIMEWithInvalidData()[pri:0, instance:actilogintest.ActiLoginTest@78c730]" name="LoginToActiTIMEWithInvalidData" duration-ms="93009" started-at="2019-06-12T17:37:51Z" finished-at="2019-06-12T17:39:24Z">
          <reporter-output>
          </reporter-output>
        </test-method> <!-- LoginToActiTIMEWithInvalidData -->
        <test-method status="PASS" signature="closeBrowser()[pri:0, instance:actilogintest.ActiLoginTest@78c730]" name="closeBrowser" is-config="true" duration-ms="687" started-at="2019-06-12T17:39:24Z" finished-at="2019-06-12T17:39:24Z">
          <reporter-output>
          </reporter-output>
        </test-method> <!-- closeBrowser -->
      </class> <!-- actilogintest.ActiLoginTest -->
    </test> <!-- Default test -->
  </suite> <!-- Default suite -->
</testng-results>
